# JRE version: OpenJDK Runtime Environment (8.0_242-b01) (build 1.8.0_242-release-1644-b01)
# Java VM: OpenJDK 64-Bit Server VM (25.242-b01 mixed mode windows-amd64 compressed oops)
Heap:
 PSYoungGen      total 156160K, used 58142K [0x00000000f5580000, 0x0000000100000000, 0x0000000100000000)
  eden space 137216K, 42% used [0x00000000f5580000,0x00000000f8e47b08,0x00000000fdb80000)
  from space 18944K, 0% used [0x00000000fed80000,0x00000000fed80000,0x0000000100000000)
  to   space 18432K, 0% used [0x00000000fdb80000,0x00000000fdb80000,0x00000000fed80000)
 ParOldGen       total 69632K, used 31962K [0x00000000e0000000, 0x00000000e4400000, 0x00000000f5580000)
  object space 69632K, 45% used [0x00000000e0000000,0x00000000e1f36bf0,0x00000000e4400000)
 Metaspace       used 61750K, capacity 63855K, committed 64040K, reserved 1103872K
  class space    used 8444K, capacity 8937K, committed 9008K, reserved 1048576K
GC Heap History (10 events):
Event: 17.097 GC heap before
{Heap before GC invocations=13 (full 2):
 PSYoungGen      total 111104K, used 1339K [0x00000000f5580000, 0x00000000ff480000, 0x0000000100000000)
  eden space 100352K, 0% used [0x00000000f5580000,0x00000000f5580000,0x00000000fb780000)
  from space 10752K, 12% used [0x00000000fb780000,0x00000000fb8ceed0,0x00000000fc200000)
  to   space 11264K, 0% used [0x00000000fe980000,0x00000000fe980000,0x00000000ff480000)
 ParOldGen       total 46080K, used 14799K [0x00000000e0000000, 0x00000000e2d00000, 0x00000000f5580000)
  object space 46080K, 32% used [0x00000000e0000000,0x00000000e0e73e98,0x00000000e2d00000)
 Metaspace       used 34522K, capacity 35418K, committed 35496K, reserved 1079296K
  class space    used 4732K, capacity 5002K, committed 5040K, reserved 1048576K
Event: 17.280 GC heap after
Heap after GC invocations=13 (full 2):
 PSYoungGen      total 111104K, used 0K [0x00000000f5580000, 0x00000000ff480000, 0x0000000100000000)
  eden space 100352K, 0% used [0x00000000f5580000,0x00000000f5580000,0x00000000fb780000)
  from space 10752K, 0% used [0x00000000fb780000,0x00000000fb780000,0x00000000fc200000)
  to   space 11264K, 0% used [0x00000000fe980000,0x00000000fe980000,0x00000000ff480000)
 ParOldGen       total 69632K, used 14117K [0x00000000e0000000, 0x00000000e4400000, 0x00000000f5580000)
  object space 69632K, 20% used [0x00000000e0000000,0x00000000e0dc9778,0x00000000e4400000)
 Metaspace       used 34522K, capacity 35418K, committed 35496K, reserved 1079296K
  class space    used 4732K, capacity 5002K, committed 5040K, reserved 1048576K
}
Event: 21.645 GC heap before
{Heap before GC invocations=14 (full 2):
 PSYoungGen      total 111104K, used 100352K [0x00000000f5580000, 0x00000000ff480000, 0x0000000100000000)
  eden space 100352K, 100% used [0x00000000f5580000,0x00000000fb780000,0x00000000fb780000)
  from space 10752K, 0% used [0x00000000fb780000,0x00000000fb780000,0x00000000fc200000)
  to   space 11264K, 0% used [0x00000000fe980000,0x00000000fe980000,0x00000000ff480000)
 ParOldGen       total 69632K, used 14117K [0x00000000e0000000, 0x00000000e4400000, 0x00000000f5580000)
  object space 69632K, 20% used [0x00000000e0000000,0x00000000e0dc9778,0x00000000e4400000)
 Metaspace       used 43194K, capacity 44622K, committed 44968K, reserved 1087488K
  class space    used 5858K, capacity 6219K, committed 6320K, reserved 1048576K
Event: 21.680 GC heap after
Heap after GC invocations=14 (full 2):
 PSYoungGen      total 143360K, used 11242K [0x00000000f5580000, 0x00000000ff480000, 0x0000000100000000)
  eden space 132096K, 0% used [0x00000000f5580000,0x00000000f5580000,0x00000000fd680000)
  from space 11264K, 99% used [0x00000000fe980000,0x00000000ff47a8c0,0x00000000ff480000)
  to   space 13312K, 0% used [0x00000000fda80000,0x00000000fda80000,0x00000000fe780000)
 ParOldGen       total 69632K, used 15819K [0x00000000e0000000, 0x00000000e4400000, 0x00000000f5580000)
  object space 69632K, 22% used [0x00000000e0000000,0x00000000e0f72da8,0x00000000e4400000)
 Metaspace       used 43194K, capacity 44622K, committed 44968K, reserved 1087488K
  class space    used 5858K, capacity 6219K, committed 6320K, reserved 1048576K
}
Event: 26.521 GC heap before
{Heap before GC invocations=15 (full 2):
 PSYoungGen      total 143360K, used 143338K [0x00000000f5580000, 0x00000000ff480000, 0x0000000100000000)
  eden space 132096K, 100% used [0x00000000f5580000,0x00000000fd680000,0x00000000fd680000)
  from space 11264K, 99% used [0x00000000fe980000,0x00000000ff47a8c0,0x00000000ff480000)
  to   space 13312K, 0% used [0x00000000fda80000,0x00000000fda80000,0x00000000fe780000)
 ParOldGen       total 69632K, used 15819K [0x00000000e0000000, 0x00000000e4400000, 0x00000000f5580000)
  object space 69632K, 22% used [0x00000000e0000000,0x00000000e0f72da8,0x00000000e4400000)
 Metaspace       used 54152K, capacity 56046K, committed 56232K, reserved 1097728K
  class space    used 7361K, capacity 7800K, committed 7856K, reserved 1048576K
Event: 26.577 GC heap after
Heap after GC invocations=15 (full 2):
 PSYoungGen      total 149504K, used 13291K [0x00000000f5580000, 0x0000000100000000, 0x0000000100000000)
  eden space 136192K, 0% used [0x00000000f5580000,0x00000000f5580000,0x00000000fda80000)
  from space 13312K, 99% used [0x00000000fda80000,0x00000000fe77ada0,0x00000000fe780000)
  to   space 18944K, 0% used [0x00000000fed80000,0x00000000fed80000,0x0000000100000000)
 ParOldGen       total 69632K, used 25933K [0x00000000e0000000, 0x00000000e4400000, 0x00000000f5580000)
  object space 69632K, 37% used [0x00000000e0000000,0x00000000e1953780,0x00000000e4400000)
 Metaspace       used 54152K, capacity 56046K, committed 56232K, reserved 1097728K
  class space    used 7361K, capacity 7800K, committed 7856K, reserved 1048576K
}
Event: 28.101 GC heap before
{Heap before GC invocations=16 (full 2):
 PSYoungGen      total 149504K, used 52843K [0x00000000f5580000, 0x0000000100000000, 0x0000000100000000)
  eden space 136192K, 29% used [0x00000000f5580000,0x00000000f7c20040,0x00000000fda80000)
  from space 13312K, 99% used [0x00000000fda80000,0x00000000fe77ada0,0x00000000fe780000)
  to   space 18944K, 0% used [0x00000000fed80000,0x00000000fed80000,0x0000000100000000)
 ParOldGen       total 69632K, used 25933K [0x00000000e0000000, 0x00000000e4400000, 0x00000000f5580000)
  object space 69632K, 37% used [0x00000000e0000000,0x00000000e1953780,0x00000000e4400000)
 Metaspace       used 57027K, capacity 59083K, committed 59160K, reserved 1099776K
  class space    used 7825K, capacity 8291K, committed 8368K, reserved 1048576K
Event: 28.129 GC heap after
Heap after GC invocations=16 (full 2):
 PSYoungGen      total 156160K, used 4007K [0x00000000f5580000, 0x0000000100000000, 0x0000000100000000)
  eden space 137216K, 0% used [0x00000000f5580000,0x00000000f5580000,0x00000000fdb80000)
  from space 18944K, 21% used [0x00000000fed80000,0x00000000ff169c20,0x0000000100000000)
  to   space 18432K, 0% used [0x00000000fdb80000,0x00000000fdb80000,0x00000000fed80000)
 ParOldGen       total 69632K, used 35446K [0x00000000e0000000, 0x00000000e4400000, 0x00000000f5580000)
  object space 69632K, 50% used [0x00000000e0000000,0x00000000e229d840,0x00000000e4400000)
 Metaspace       used 57027K, capacity 59083K, committed 59160K, reserved 1099776K
  class space    used 7825K, capacity 8291K, committed 8368K, reserved 1048576K
}
Event: 28.129 GC heap before
{Heap before GC invocations=17 (full 3):
 PSYoungGen      total 156160K, used 4007K [0x00000000f5580000, 0x0000000100000000, 0x0000000100000000)
  eden space 137216K, 0% used [0x00000000f5580000,0x00000000f5580000,0x00000000fdb80000)
  from space 18944K, 21% used [0x00000000fed80000,0x00000000ff169c20,0x0000000100000000)
  to   space 18432K, 0% used [0x00000000fdb80000,0x00000000fdb80000,0x00000000fed80000)
 ParOldGen       total 69632K, used 35446K [0x00000000e0000000, 0x00000000e4400000, 0x00000000f5580000)
  object space 69632K, 50% used [0x00000000e0000000,0x00000000e229d840,0x00000000e4400000)
 Metaspace       used 57027K, capacity 59083K, committed 59160K, reserved 1099776K
  class space    used 7825K, capacity 8291K, committed 8368K, reserved 1048576K
Event: 28.628 GC heap after
Heap after GC invocations=17 (full 3):
 PSYoungGen      total 156160K, used 0K [0x00000000f5580000, 0x0000000100000000, 0x0000000100000000)
  eden space 137216K, 0% used [0x00000000f5580000,0x00000000f5580000,0x00000000fdb80000)
  from space 18944K, 0% used [0x00000000fed80000,0x00000000fed80000,0x0000000100000000)
  to   space 18432K, 0% used [0x00000000fdb80000,0x00000000fdb80000,0x00000000fed80000)
 ParOldGen       total 69632K, used 31962K [0x00000000e0000000, 0x00000000e4400000, 0x00000000f5580000)
  object space 69632K, 45% used [0x00000000e0000000,0x00000000e1f36bf0,0x00000000e4400000)
 Metaspace       used 57015K, capacity 59041K, committed 59160K, reserved 1099776K
  class space    used 7821K, capacity 8284K, committed 8368K, reserved 1048576K
}

