# JRE version: OpenJDK Runtime Environment (8.0_242-b01) (build 1.8.0_242-release-1644-b01)
# Java VM: OpenJDK 64-Bit Server VM (25.242-b01 mixed mode windows-amd64 compressed oops)
Heap:
 PSYoungGen      total 119808K, used 20669K [0x00000000f5580000, 0x00000000fd880000, 0x0000000100000000)
  eden space 104960K, 19% used [0x00000000f5580000,0x00000000f69af498,0x00000000fbc00000)
  from space 14848K, 0% used [0x00000000fca00000,0x00000000fca00000,0x00000000fd880000)
  to   space 14336K, 0% used [0x00000000fbc00000,0x00000000fbc00000,0x00000000fca00000)
 ParOldGen       total 101376K, used 30821K [0x00000000e0000000, 0x00000000e6300000, 0x00000000f5580000)
  object space 101376K, 30% used [0x00000000e0000000,0x00000000e1e195c8,0x00000000e6300000)
 Metaspace       used 57954K, capacity 60006K, committed 60208K, reserved 1101824K
  class space    used 7979K, capacity 8458K, committed 8496K, reserved 1048576K
GC Heap History (10 events):
Event: 25.772 GC heap before
{Heap before GC invocations=17 (full 2):
 PSYoungGen      total 86016K, used 78336K [0x00000000f5580000, 0x00000000fb180000, 0x0000000100000000)
  eden space 78336K, 100% used [0x00000000f5580000,0x00000000fa200000,0x00000000fa200000)
  from space 7680K, 0% used [0x00000000fa980000,0x00000000fa980000,0x00000000fb100000)
  to   space 7680K, 0% used [0x00000000fa200000,0x00000000fa200000,0x00000000fa980000)
 ParOldGen       total 62976K, used 14447K [0x00000000e0000000, 0x00000000e3d80000, 0x00000000f5580000)
  object space 62976K, 22% used [0x00000000e0000000,0x00000000e0e1bc70,0x00000000e3d80000)
 Metaspace       used 41122K, capacity 42424K, committed 42544K, reserved 1085440K
  class space    used 5605K, capacity 5924K, committed 5936K, reserved 1048576K
Event: 25.804 GC heap after
Heap after GC invocations=17 (full 2):
 PSYoungGen      total 86016K, used 7667K [0x00000000f5580000, 0x00000000fc680000, 0x0000000100000000)
  eden space 78336K, 0% used [0x00000000f5580000,0x00000000f5580000,0x00000000fa200000)
  from space 7680K, 99% used [0x00000000fa200000,0x00000000fa97cd50,0x00000000fa980000)
  to   space 9728K, 0% used [0x00000000fbd00000,0x00000000fbd00000,0x00000000fc680000)
 ParOldGen       total 62976K, used 17311K [0x00000000e0000000, 0x00000000e3d80000, 0x00000000f5580000)
  object space 62976K, 27% used [0x00000000e0000000,0x00000000e10e7d08,0x00000000e3d80000)
 Metaspace       used 41122K, capacity 42424K, committed 42544K, reserved 1085440K
  class space    used 5605K, capacity 5924K, committed 5936K, reserved 1048576K
}
Event: 29.972 GC heap before
{Heap before GC invocations=18 (full 2):
 PSYoungGen      total 86016K, used 86003K [0x00000000f5580000, 0x00000000fc680000, 0x0000000100000000)
  eden space 78336K, 100% used [0x00000000f5580000,0x00000000fa200000,0x00000000fa200000)
  from space 7680K, 99% used [0x00000000fa200000,0x00000000fa97cd50,0x00000000fa980000)
  to   space 9728K, 0% used [0x00000000fbd00000,0x00000000fbd00000,0x00000000fc680000)
 ParOldGen       total 62976K, used 17311K [0x00000000e0000000, 0x00000000e3d80000, 0x00000000f5580000)
  object space 62976K, 27% used [0x00000000e0000000,0x00000000e10e7d08,0x00000000e3d80000)
 Metaspace       used 48993K, capacity 50484K, committed 50736K, reserved 1093632K
  class space    used 6539K, capacity 6894K, committed 6960K, reserved 1048576K
Event: 30.019 GC heap after
Heap after GC invocations=18 (full 2):
 PSYoungGen      total 101888K, used 9697K [0x00000000f5580000, 0x00000000fcd80000, 0x0000000100000000)
  eden space 92160K, 0% used [0x00000000f5580000,0x00000000f5580000,0x00000000faf80000)
  from space 9728K, 99% used [0x00000000fbd00000,0x00000000fc6785f0,0x00000000fc680000)
  to   space 13824K, 0% used [0x00000000faf80000,0x00000000faf80000,0x00000000fbd00000)
 ParOldGen       total 62976K, used 24006K [0x00000000e0000000, 0x00000000e3d80000, 0x00000000f5580000)
  object space 62976K, 38% used [0x00000000e0000000,0x00000000e1771b48,0x00000000e3d80000)
 Metaspace       used 48993K, capacity 50484K, committed 50736K, reserved 1093632K
  class space    used 6539K, capacity 6894K, committed 6960K, reserved 1048576K
}
Event: 35.013 GC heap before
{Heap before GC invocations=19 (full 2):
 PSYoungGen      total 101888K, used 101857K [0x00000000f5580000, 0x00000000fcd80000, 0x0000000100000000)
  eden space 92160K, 100% used [0x00000000f5580000,0x00000000faf80000,0x00000000faf80000)
  from space 9728K, 99% used [0x00000000fbd00000,0x00000000fc6785f0,0x00000000fc680000)
  to   space 13824K, 0% used [0x00000000faf80000,0x00000000faf80000,0x00000000fbd00000)
 ParOldGen       total 62976K, used 24006K [0x00000000e0000000, 0x00000000e3d80000, 0x00000000f5580000)
  object space 62976K, 38% used [0x00000000e0000000,0x00000000e1771b48,0x00000000e3d80000)
 Metaspace       used 55390K, capacity 57412K, committed 57520K, reserved 1099776K
  class space    used 7562K, capacity 8019K, committed 8112K, reserved 1048576K
Event: 35.065 GC heap after
Heap after GC invocations=19 (full 2):
 PSYoungGen      total 105984K, used 10638K [0x00000000f5580000, 0x00000000fd880000, 0x0000000100000000)
  eden space 92160K, 0% used [0x00000000f5580000,0x00000000f5580000,0x00000000faf80000)
  from space 13824K, 76% used [0x00000000faf80000,0x00000000fb9e3a60,0x00000000fbd00000)
  to   space 14848K, 0% used [0x00000000fca00000,0x00000000fca00000,0x00000000fd880000)
 ParOldGen       total 62976K, used 29131K [0x00000000e0000000, 0x00000000e3d80000, 0x00000000f5580000)
  object space 62976K, 46% used [0x00000000e0000000,0x00000000e1c72ff0,0x00000000e3d80000)
 Metaspace       used 55390K, capacity 57412K, committed 57520K, reserved 1099776K
  class space    used 7562K, capacity 8019K, committed 8112K, reserved 1048576K
}
Event: 36.094 GC heap before
{Heap before GC invocations=20 (full 2):
 PSYoungGen      total 105984K, used 30193K [0x00000000f5580000, 0x00000000fd880000, 0x0000000100000000)
  eden space 92160K, 21% used [0x00000000f5580000,0x00000000f6898c70,0x00000000faf80000)
  from space 13824K, 76% used [0x00000000faf80000,0x00000000fb9e3a60,0x00000000fbd00000)
  to   space 14848K, 0% used [0x00000000fca00000,0x00000000fca00000,0x00000000fd880000)
 ParOldGen       total 62976K, used 29131K [0x00000000e0000000, 0x00000000e3d80000, 0x00000000f5580000)
  object space 62976K, 46% used [0x00000000e0000000,0x00000000e1c72ff0,0x00000000e3d80000)
 Metaspace       used 57008K, capacity 59026K, committed 59160K, reserved 1099776K
  class space    used 7827K, capacity 8288K, committed 8368K, reserved 1048576K
Event: 36.115 GC heap after
Heap after GC invocations=20 (full 2):
 PSYoungGen      total 119808K, used 7755K [0x00000000f5580000, 0x00000000fd880000, 0x0000000100000000)
  eden space 104960K, 0% used [0x00000000f5580000,0x00000000f5580000,0x00000000fbc00000)
  from space 14848K, 52% used [0x00000000fca00000,0x00000000fd192d70,0x00000000fd880000)
  to   space 14336K, 0% used [0x00000000fbc00000,0x00000000fbc00000,0x00000000fca00000)
 ParOldGen       total 62976K, used 29139K [0x00000000e0000000, 0x00000000e3d80000, 0x00000000f5580000)
  object space 62976K, 46% used [0x00000000e0000000,0x00000000e1c74ff0,0x00000000e3d80000)
 Metaspace       used 57008K, capacity 59026K, committed 59160K, reserved 1099776K
  class space    used 7827K, capacity 8288K, committed 8368K, reserved 1048576K
}
Event: 36.115 GC heap before
{Heap before GC invocations=21 (full 3):
 PSYoungGen      total 119808K, used 7755K [0x00000000f5580000, 0x00000000fd880000, 0x0000000100000000)
  eden space 104960K, 0% used [0x00000000f5580000,0x00000000f5580000,0x00000000fbc00000)
  from space 14848K, 52% used [0x00000000fca00000,0x00000000fd192d70,0x00000000fd880000)
  to   space 14336K, 0% used [0x00000000fbc00000,0x00000000fbc00000,0x00000000fca00000)
 ParOldGen       total 62976K, used 29139K [0x00000000e0000000, 0x00000000e3d80000, 0x00000000f5580000)
  object space 62976K, 46% used [0x00000000e0000000,0x00000000e1c74ff0,0x00000000e3d80000)
 Metaspace       used 57008K, capacity 59026K, committed 59160K, reserved 1099776K
  class space    used 7827K, capacity 8288K, committed 8368K, reserved 1048576K
Event: 36.811 GC heap after
Heap after GC invocations=21 (full 3):
 PSYoungGen      total 119808K, used 0K [0x00000000f5580000, 0x00000000fd880000, 0x0000000100000000)
  eden space 104960K, 0% used [0x00000000f5580000,0x00000000f5580000,0x00000000fbc00000)
  from space 14848K, 0% used [0x00000000fca00000,0x00000000fca00000,0x00000000fd880000)
  to   space 14336K, 0% used [0x00000000fbc00000,0x00000000fbc00000,0x00000000fca00000)
 ParOldGen       total 101376K, used 30821K [0x00000000e0000000, 0x00000000e6300000, 0x00000000f5580000)
  object space 101376K, 30% used [0x00000000e0000000,0x00000000e1e195c8,0x00000000e6300000)
 Metaspace       used 56994K, capacity 58978K, committed 59160K, reserved 1099776K
  class space    used 7823K, capacity 8280K, committed 8368K, reserved 1048576K
}

