# JRE version: OpenJDK Runtime Environment (8.0_242-b01) (build 1.8.0_242-release-1644-b01)
# Java VM: OpenJDK 64-Bit Server VM (25.242-b01 mixed mode windows-amd64 compressed oops)
Heap:
 PSYoungGen      total 151040K, used 33418K [0x00000000f5580000, 0x0000000100000000, 0x0000000100000000)
  eden space 134144K, 24% used [0x00000000f5580000,0x00000000f7622820,0x00000000fd880000)
  from space 16896K, 0% used [0x00000000fd880000,0x00000000fd880000,0x00000000fe900000)
  to   space 15872K, 0% used [0x00000000ff080000,0x00000000ff080000,0x0000000100000000)
 ParOldGen       total 98304K, used 32998K [0x00000000e0000000, 0x00000000e6000000, 0x00000000f5580000)
  object space 98304K, 33% used [0x00000000e0000000,0x00000000e2039980,0x00000000e6000000)
 Metaspace       used 59254K, capacity 61426K, committed 61744K, reserved 1101824K
  class space    used 8152K, capacity 8666K, committed 8752K, reserved 1048576K
GC Heap History (10 events):
Event: 23.222 GC heap before
{Heap before GC invocations=14 (full 2):
 PSYoungGen      total 113664K, used 3884K [0x00000000f5580000, 0x00000000fcf80000, 0x0000000100000000)
  eden space 104448K, 0% used [0x00000000f5580000,0x00000000f5580000,0x00000000fbb80000)
  from space 9216K, 42% used [0x00000000fc400000,0x00000000fc7cb2c0,0x00000000fcd00000)
  to   space 8704K, 0% used [0x00000000fbb80000,0x00000000fbb80000,0x00000000fc400000)
 ParOldGen       total 39424K, used 12363K [0x00000000e0000000, 0x00000000e2680000, 0x00000000f5580000)
  object space 39424K, 31% used [0x00000000e0000000,0x00000000e0c12d68,0x00000000e2680000)
 Metaspace       used 34594K, capacity 35430K, committed 35496K, reserved 1079296K
  class space    used 4750K, capacity 5002K, committed 5040K, reserved 1048576K
Event: 23.529 GC heap after
Heap after GC invocations=14 (full 2):
 PSYoungGen      total 113664K, used 0K [0x00000000f5580000, 0x00000000fcf80000, 0x0000000100000000)
  eden space 104448K, 0% used [0x00000000f5580000,0x00000000f5580000,0x00000000fbb80000)
  from space 9216K, 0% used [0x00000000fc400000,0x00000000fc400000,0x00000000fcd00000)
  to   space 8704K, 0% used [0x00000000fbb80000,0x00000000fbb80000,0x00000000fc400000)
 ParOldGen       total 60928K, used 15700K [0x00000000e0000000, 0x00000000e3b80000, 0x00000000f5580000)
  object space 60928K, 25% used [0x00000000e0000000,0x00000000e0f55140,0x00000000e3b80000)
 Metaspace       used 34594K, capacity 35430K, committed 35496K, reserved 1079296K
  class space    used 4750K, capacity 5002K, committed 5040K, reserved 1048576K
}
Event: 27.623 GC heap before
{Heap before GC invocations=15 (full 2):
 PSYoungGen      total 113664K, used 104448K [0x00000000f5580000, 0x00000000fcf80000, 0x0000000100000000)
  eden space 104448K, 100% used [0x00000000f5580000,0x00000000fbb80000,0x00000000fbb80000)
  from space 9216K, 0% used [0x00000000fc400000,0x00000000fc400000,0x00000000fcd00000)
  to   space 8704K, 0% used [0x00000000fbb80000,0x00000000fbb80000,0x00000000fc400000)
 ParOldGen       total 60928K, used 15700K [0x00000000e0000000, 0x00000000e3b80000, 0x00000000f5580000)
  object space 60928K, 25% used [0x00000000e0000000,0x00000000e0f55140,0x00000000e3b80000)
 Metaspace       used 43536K, capacity 44974K, committed 45232K, reserved 1087488K
  class space    used 5921K, capacity 6287K, committed 6320K, reserved 1048576K
Event: 27.658 GC heap after
Heap after GC invocations=15 (full 2):
 PSYoungGen      total 113152K, used 8688K [0x00000000f5580000, 0x00000000ff480000, 0x0000000100000000)
  eden space 104448K, 0% used [0x00000000f5580000,0x00000000f5580000,0x00000000fbb80000)
  from space 8704K, 99% used [0x00000000fbb80000,0x00000000fc3fc240,0x00000000fc400000)
  to   space 11776K, 0% used [0x00000000fe900000,0x00000000fe900000,0x00000000ff480000)
 ParOldGen       total 60928K, used 20728K [0x00000000e0000000, 0x00000000e3b80000, 0x00000000f5580000)
  object space 60928K, 34% used [0x00000000e0000000,0x00000000e143e1f8,0x00000000e3b80000)
 Metaspace       used 43536K, capacity 44974K, committed 45232K, reserved 1087488K
  class space    used 5921K, capacity 6287K, committed 6320K, reserved 1048576K
}
Event: 33.678 GC heap before
{Heap before GC invocations=16 (full 2):
 PSYoungGen      total 113152K, used 113136K [0x00000000f5580000, 0x00000000ff480000, 0x0000000100000000)
  eden space 104448K, 100% used [0x00000000f5580000,0x00000000fbb80000,0x00000000fbb80000)
  from space 8704K, 99% used [0x00000000fbb80000,0x00000000fc3fc240,0x00000000fc400000)
  to   space 11776K, 0% used [0x00000000fe900000,0x00000000fe900000,0x00000000ff480000)
 ParOldGen       total 60928K, used 20728K [0x00000000e0000000, 0x00000000e3b80000, 0x00000000f5580000)
  object space 60928K, 34% used [0x00000000e0000000,0x00000000e143e1f8,0x00000000e3b80000)
 Metaspace       used 52523K, capacity 54318K, committed 54448K, reserved 1095680K
  class space    used 7141K, capacity 7566K, committed 7600K, reserved 1048576K
Event: 33.747 GC heap after
Heap after GC invocations=16 (full 2):
 PSYoungGen      total 145920K, used 11763K [0x00000000f5580000, 0x00000000ffc00000, 0x0000000100000000)
  eden space 134144K, 0% used [0x00000000f5580000,0x00000000f5580000,0x00000000fd880000)
  from space 11776K, 99% used [0x00000000fe900000,0x00000000ff47ce78,0x00000000ff480000)
  to   space 16896K, 0% used [0x00000000fd880000,0x00000000fd880000,0x00000000fe900000)
 ParOldGen       total 60928K, used 29521K [0x00000000e0000000, 0x00000000e3b80000, 0x00000000f5580000)
  object space 60928K, 48% used [0x00000000e0000000,0x00000000e1cd4458,0x00000000e3b80000)
 Metaspace       used 52523K, capacity 54318K, committed 54448K, reserved 1095680K
  class space    used 7141K, capacity 7566K, committed 7600K, reserved 1048576K
}
Event: 36.370 GC heap before
{Heap before GC invocations=17 (full 2):
 PSYoungGen      total 145920K, used 74240K [0x00000000f5580000, 0x00000000ffc00000, 0x0000000100000000)
  eden space 134144K, 46% used [0x00000000f5580000,0x00000000f92833d8,0x00000000fd880000)
  from space 11776K, 99% used [0x00000000fe900000,0x00000000ff47ce78,0x00000000ff480000)
  to   space 16896K, 0% used [0x00000000fd880000,0x00000000fd880000,0x00000000fe900000)
 ParOldGen       total 60928K, used 29521K [0x00000000e0000000, 0x00000000e3b80000, 0x00000000f5580000)
  object space 60928K, 48% used [0x00000000e0000000,0x00000000e1cd4458,0x00000000e3b80000)
 Metaspace       used 57122K, capacity 59110K, committed 59160K, reserved 1099776K
  class space    used 7848K, capacity 8318K, committed 8368K, reserved 1048576K
Event: 36.401 GC heap after
Heap after GC invocations=17 (full 2):
 PSYoungGen      total 151040K, used 6410K [0x00000000f5580000, 0x0000000100000000, 0x0000000100000000)
  eden space 134144K, 0% used [0x00000000f5580000,0x00000000f5580000,0x00000000fd880000)
  from space 16896K, 37% used [0x00000000fd880000,0x00000000fdec2808,0x00000000fe900000)
  to   space 15872K, 0% used [0x00000000ff080000,0x00000000ff080000,0x0000000100000000)
 ParOldGen       total 60928K, used 37337K [0x00000000e0000000, 0x00000000e3b80000, 0x00000000f5580000)
  object space 60928K, 61% used [0x00000000e0000000,0x00000000e2476690,0x00000000e3b80000)
 Metaspace       used 57122K, capacity 59110K, committed 59160K, reserved 1099776K
  class space    used 7848K, capacity 8318K, committed 8368K, reserved 1048576K
}
Event: 36.401 GC heap before
{Heap before GC invocations=18 (full 3):
 PSYoungGen      total 151040K, used 6410K [0x00000000f5580000, 0x0000000100000000, 0x0000000100000000)
  eden space 134144K, 0% used [0x00000000f5580000,0x00000000f5580000,0x00000000fd880000)
  from space 16896K, 37% used [0x00000000fd880000,0x00000000fdec2808,0x00000000fe900000)
  to   space 15872K, 0% used [0x00000000ff080000,0x00000000ff080000,0x0000000100000000)
 ParOldGen       total 60928K, used 37337K [0x00000000e0000000, 0x00000000e3b80000, 0x00000000f5580000)
  object space 60928K, 61% used [0x00000000e0000000,0x00000000e2476690,0x00000000e3b80000)
 Metaspace       used 57122K, capacity 59110K, committed 59160K, reserved 1099776K
  class space    used 7848K, capacity 8318K, committed 8368K, reserved 1048576K
Event: 36.900 GC heap after
Heap after GC invocations=18 (full 3):
 PSYoungGen      total 151040K, used 0K [0x00000000f5580000, 0x0000000100000000, 0x0000000100000000)
  eden space 134144K, 0% used [0x00000000f5580000,0x00000000f5580000,0x00000000fd880000)
  from space 16896K, 0% used [0x00000000fd880000,0x00000000fd880000,0x00000000fe900000)
  to   space 15872K, 0% used [0x00000000ff080000,0x00000000ff080000,0x0000000100000000)
 ParOldGen       total 98304K, used 32998K [0x00000000e0000000, 0x00000000e6000000, 0x00000000f5580000)
  object space 98304K, 33% used [0x00000000e0000000,0x00000000e2039980,0x00000000e6000000)
 Metaspace       used 57113K, capacity 59080K, committed 59160K, reserved 1099776K
  class space    used 7845K, capacity 8313K, committed 8368K, reserved 1048576K
}

